0 info it worked if it ends with ok
1 verbose cli [ '/usr/local/bin/node',
1 verbose cli   '/usr/local/bin/npm',
1 verbose cli   'run',
1 verbose cli   'build-all' ]
2 info using npm@3.10.3
3 info using node@v6.4.0
4 verbose run-script [ 'prebuild-all', 'build-all', 'postbuild-all' ]
5 info lifecycle tuxmailer@1.0.0~prebuild-all: tuxmailer@1.0.0
6 silly lifecycle tuxmailer@1.0.0~prebuild-all: no script for prebuild-all, continuing
7 info lifecycle tuxmailer@1.0.0~build-all: tuxmailer@1.0.0
8 verbose lifecycle tuxmailer@1.0.0~build-all: unsafe-perm in lifecycle true
9 verbose lifecycle tuxmailer@1.0.0~build-all: PATH: /usr/local/lib/node_modules/npm/bin/node-gyp-bin:/Users/vigneashsundar/Documents/TuxMailer/node_modules/.bin:/usr/local/bin:/Users/vigneashsundar/.rvm/gems/ruby-2.2.0/bin:/Users/vigneashsundar/.rvm/gems/ruby-2.2.0@global/bin:/Users/vigneashsundar/.rvm/rubies/ruby-2.2.0/bin:/usr/local/bin:/usr/bin:/bin:/usr/sbin:/sbin:/Users/vigneashsundar/.rvm/bin
10 verbose lifecycle tuxmailer@1.0.0~build-all: CWD: /Users/vigneashsundar/Documents/TuxMailer
11 silly lifecycle tuxmailer@1.0.0~build-all: Args: [ '-c', 'webpack && npm start' ]
12 silly lifecycle tuxmailer@1.0.0~build-all: Returned: code: 1  signal: null
13 info lifecycle tuxmailer@1.0.0~build-all: Failed to exec build-all script
14 verbose stack Error: tuxmailer@1.0.0 build-all: `webpack && npm start`
14 verbose stack Exit status 1
14 verbose stack     at EventEmitter.<anonymous> (/usr/local/lib/node_modules/npm/lib/utils/lifecycle.js:242:16)
14 verbose stack     at emitTwo (events.js:106:13)
14 verbose stack     at EventEmitter.emit (events.js:191:7)
14 verbose stack     at ChildProcess.<anonymous> (/usr/local/lib/node_modules/npm/lib/utils/spawn.js:40:14)
14 verbose stack     at emitTwo (events.js:106:13)
14 verbose stack     at ChildProcess.emit (events.js:191:7)
14 verbose stack     at maybeClose (internal/child_process.js:852:16)
14 verbose stack     at Process.ChildProcess._handle.onexit (internal/child_process.js:215:5)
15 verbose pkgid tuxmailer@1.0.0
16 verbose cwd /Users/vigneashsundar/Documents/TuxMailer
17 error Darwin 16.4.0
18 error argv "/usr/local/bin/node" "/usr/local/bin/npm" "run" "build-all"
19 error node v6.4.0
20 error npm  v3.10.3
21 error code ELIFECYCLE
22 error tuxmailer@1.0.0 build-all: `webpack && npm start`
22 error Exit status 1
23 error Failed at the tuxmailer@1.0.0 build-all script 'webpack && npm start'.
23 error Make sure you have the latest version of node.js and npm installed.
23 error If you do, this is most likely a problem with the tuxmailer package,
23 error not with npm itself.
23 error Tell the author that this fails on your system:
23 error     webpack && npm start
23 error You can get information on how to open an issue for this project with:
23 error     npm bugs tuxmailer
23 error Or if that isn't available, you can get their info via:
23 error     npm owner ls tuxmailer
23 error There is likely additional logging output above.
24 verbose exit [ 1, true ]
